10:56:16.196 [main] INFO  api.test.UserTests - *************Creting user*************
10:56:18.989 [main] INFO  api.test.UserTests - *************User is created*************
10:56:19.007 [main] INFO  api.test.UserTests - *************Reading user info*************
10:56:19.746 [main] INFO  api.test.UserTests - *************User info is displayed*************
10:56:19.755 [main] INFO  api.test.UserTests - *************Updating User*************
10:56:20.452 [main] INFO  api.test.UserTests - *************User updated*************
10:56:21.153 [main] INFO  api.test.UserTests - *************Deleting User*************
10:56:21.838 [main] INFO  api.test.UserTests - *************User deleted*************
10:56:49.973 [main] INFO  api.test.UserTests - *************Creting user*************
10:56:52.260 [main] INFO  api.test.UserTests - *************User is created*************
10:56:52.282 [main] INFO  api.test.UserTests - *************Reading user info*************
10:56:52.983 [main] INFO  api.test.UserTests - *************User info is displayed*************
10:56:52.990 [main] INFO  api.test.UserTests - *************Updating User*************
10:56:53.701 [main] INFO  api.test.UserTests - *************User updated*************
10:56:54.398 [main] INFO  api.test.UserTests - *************Deleting User*************
10:56:55.095 [main] INFO  api.test.UserTests - *************User deleted*************
19:10:57.126 [main] INFO  api.test.UserTests - *************Creting user*************
19:10:59.203 [main] INFO  api.test.UserTests - *************User is created*************
19:10:59.208 [main] INFO  api.test.UserTests - *************Reading user info*************
19:10:59.954 [main] INFO  api.test.UserTests - *************Updating User*************
19:11:00.700 [main] INFO  api.test.UserTests - *************User updated*************
19:11:01.413 [main] INFO  api.test.UserTests - *************Deleting User*************
19:11:02.120 [main] INFO  api.test.UserTests - *************User deleted*************
19:13:18.207 [main] INFO  api.test.UserTests - *************Creting user*************
19:13:20.088 [main] INFO  api.test.UserTests - *************User is created*************
19:13:20.092 [main] INFO  api.test.UserTests - *************Reading user info*************
19:13:20.840 [main] INFO  api.test.UserTests - *************User info is displayed*************
19:13:20.848 [main] INFO  api.test.UserTests - *************Updating User*************
19:13:21.587 [main] INFO  api.test.UserTests - *************User updated*************
19:13:22.340 [main] INFO  api.test.UserTests - *************Deleting User*************
19:13:23.073 [main] INFO  api.test.UserTests - *************User deleted*************
19:21:03.340 [main] INFO  api.test.UserTests - *************Creting user*************
19:21:05.272 [main] INFO  api.test.UserTests - *************User is created*************
19:21:05.276 [main] INFO  api.test.UserTests - *************Reading user info*************
19:21:06.058 [main] INFO  api.test.UserTests - *************Updating User*************
19:21:06.825 [main] INFO  api.test.UserTests - *************User updated*************
19:21:07.590 [main] INFO  api.test.UserTests - *************Deleting User*************
19:21:08.316 [main] INFO  api.test.UserTests - *************User deleted*************
19:21:26.976 [main] INFO  api.test.UserTests - *************Creting user*************
19:21:28.839 [main] INFO  api.test.UserTests - *************User is created*************
19:21:28.844 [main] INFO  api.test.UserTests - *************Reading user info*************
19:21:29.605 [main] INFO  api.test.UserTests - *************Updating User*************
19:21:30.360 [main] INFO  api.test.UserTests - *************User updated*************
19:21:31.078 [main] INFO  api.test.UserTests - *************Deleting User*************
19:21:46.731 [main] INFO  api.test.UserTests - *************Creting user*************
19:21:48.611 [main] INFO  api.test.UserTests - *************User is created*************
19:21:48.616 [main] INFO  api.test.UserTests - *************Reading user info*************
19:21:49.381 [main] INFO  api.test.UserTests - *************User info is displayed*************
19:21:49.387 [main] INFO  api.test.UserTests - *************Updating User*************
19:21:50.130 [main] INFO  api.test.UserTests - *************User updated*************
19:21:50.899 [main] INFO  api.test.UserTests - *************Deleting User*************
19:21:51.646 [main] INFO  api.test.UserTests - *************User deleted*************
10:55:35.644 [main] INFO  api.test.UserTests - *************Creting user*************
10:55:37.815 [main] INFO  api.test.UserTests - *************User is created*************
10:55:37.824 [main] INFO  api.test.UserTests - *************Reading user info*************
10:55:38.583 [main] INFO  api.test.UserTests - *************User info is displayed*************
10:55:38.590 [main] INFO  api.test.UserTests - *************Updating User*************
10:55:39.332 [main] INFO  api.test.UserTests - *************User updated*************
10:55:39.949 [main] INFO  api.test.UserTests - *************Deleting User*************
10:55:40.679 [main] INFO  api.test.UserTests - *************User deleted*************
11:03:30.394 [main] INFO  api.test.UserTests - *************Creting user*************
11:03:32.451 [main] INFO  api.test.UserTests - *************User is created*************
11:03:32.459 [main] INFO  api.test.UserTests - *************Reading user info*************
11:03:33.182 [main] INFO  api.test.UserTests - *************Updating User*************
11:03:33.943 [main] INFO  api.test.UserTests - *************User updated*************
11:03:34.670 [main] INFO  api.test.UserTests - *************Deleting User*************
11:03:35.395 [main] INFO  api.test.UserTests - *************User deleted*************
11:07:36.480 [main] INFO  api.test.UserTests - *************Creting user*************
11:07:38.444 [main] INFO  api.test.UserTests - *************User is created*************
11:07:38.452 [main] INFO  api.test.UserTests - *************Reading user info*************
11:07:39.183 [main] INFO  api.test.UserTests - *************User info is displayed*************
11:07:39.187 [main] INFO  api.test.UserTests - *************Updating User*************
11:07:39.914 [main] INFO  api.test.UserTests - *************User updated*************
11:07:40.625 [main] INFO  api.test.UserTests - *************Deleting User*************
11:07:41.357 [main] INFO  api.test.UserTests - *************User deleted*************
16:47:01.983 [main] INFO  api.test.UserTests2 - *************Creting user*************
16:47:01.997 [main] INFO  api.test.UserTests2 - *************Reading user info*************
16:47:02.003 [main] INFO  api.test.UserTests2 - *************Updating User*************
16:47:02.008 [main] INFO  api.test.UserTests2 - *************Deleting User*************
16:48:48.227 [main] INFO  api.test.UserTests2 - *************Creting user*************
16:48:48.244 [main] INFO  api.test.UserTests2 - *************Reading user info*************
16:48:48.250 [main] INFO  api.test.UserTests2 - *************Updating User*************
16:48:48.257 [main] INFO  api.test.UserTests2 - *************Deleting User*************
16:49:22.497 [main] INFO  api.test.UserTests - *************Creting user*************
16:49:24.539 [main] INFO  api.test.UserTests - *************User is created*************
16:49:24.548 [main] INFO  api.test.UserTests - *************Reading user info*************
16:49:25.282 [main] INFO  api.test.UserTests - *************User info is displayed*************
16:49:25.285 [main] INFO  api.test.UserTests - *************Updating User*************
16:49:26.040 [main] INFO  api.test.UserTests - *************User updated*************
16:49:26.776 [main] INFO  api.test.UserTests - *************Deleting User*************
16:51:18.060 [main] INFO  api.test.UserTests2 - *************Creting user*************
16:51:18.074 [main] INFO  api.test.UserTests2 - *************Reading user info*************
16:51:18.078 [main] INFO  api.test.UserTests2 - *************Updating User*************
16:51:18.081 [main] INFO  api.test.UserTests2 - *************Deleting User*************
16:51:53.415 [main] INFO  api.test.UserTests2 - *************Creting user*************
16:51:53.428 [main] INFO  api.test.UserTests2 - *************Reading user info*************
16:51:53.432 [main] INFO  api.test.UserTests2 - *************Updating User*************
16:51:53.437 [main] INFO  api.test.UserTests2 - *************Deleting User*************
16:52:56.331 [main] INFO  api.test.UserTests2 - *************Creting user*************
16:52:56.347 [main] INFO  api.test.UserTests2 - *************Reading user info*************
16:52:56.350 [main] INFO  api.test.UserTests2 - *************Updating User*************
16:52:56.355 [main] INFO  api.test.UserTests2 - *************Deleting User*************
14:30:02.654 [main] INFO  api.test.UserTests2 - *************Creting user*************
14:30:02.670 [main] INFO  api.test.UserTests2 - *************Reading user info*************
14:30:02.675 [main] INFO  api.test.UserTests2 - *************Updating User*************
14:30:02.679 [main] INFO  api.test.UserTests2 - *************Deleting User*************
14:31:50.354 [main] INFO  api.test.UserTests - *************Creting user*************
14:31:52.546 [main] INFO  api.test.UserTests - *************User is created*************
14:31:52.555 [main] INFO  api.test.UserTests - *************Reading user info*************
14:31:53.297 [main] INFO  api.test.UserTests - *************Updating User*************
14:31:54.030 [main] INFO  api.test.UserTests - *************User updated*************
14:31:54.758 [main] INFO  api.test.UserTests - *************Deleting User*************
14:32:46.522 [main] INFO  api.test.UserTests - *************Creting user*************
14:32:48.415 [main] INFO  api.test.UserTests - *************User is created*************
14:32:48.424 [main] INFO  api.test.UserTests - *************Reading user info*************
14:32:49.193 [main] INFO  api.test.UserTests - *************Updating User*************
14:32:49.940 [main] INFO  api.test.UserTests - *************User updated*************
14:32:50.687 [main] INFO  api.test.UserTests - *************Deleting User*************
18:44:13.216 [main] INFO  api.test.UserTests - *************Creting user*************
18:44:15.304 [main] INFO  api.test.UserTests - *************User is created*************
18:44:15.311 [main] INFO  api.test.UserTests - *************Reading user info*************
18:44:16.079 [main] INFO  api.test.UserTests - *************User info is displayed*************
18:44:16.082 [main] INFO  api.test.UserTests - *************Updating User*************
18:44:16.831 [main] INFO  api.test.UserTests - *************User updated*************
18:44:17.561 [main] INFO  api.test.UserTests - *************Deleting User*************
18:44:18.293 [main] INFO  api.test.UserTests - *************User deleted*************
15:18:36.615 [main] INFO  api.test.UserTests - *************Creting user*************
15:18:38.783 [main] INFO  api.test.UserTests - *************User is created*************
15:18:38.793 [main] INFO  api.test.UserTests - *************Reading user info*************
15:18:39.534 [main] INFO  api.test.UserTests - *************User info is displayed*************
15:18:39.537 [main] INFO  api.test.UserTests - *************Updating User*************
15:18:40.244 [main] INFO  api.test.UserTests - *************User updated*************
15:18:40.962 [main] INFO  api.test.UserTests - *************Deleting User*************
15:18:41.712 [main] INFO  api.test.UserTests - *************User deleted*************
15:26:41.538 [main] INFO  api.test.UserTests2 - *************Creting user*************
15:26:41.552 [main] INFO  api.test.UserTests2 - *************Reading user info*************
15:26:41.555 [main] INFO  api.test.UserTests2 - *************Updating User*************
15:26:41.560 [main] INFO  api.test.UserTests2 - *************Deleting User*************
15:27:10.634 [main] INFO  api.test.UserTests - *************Creting user*************
15:27:12.543 [main] INFO  api.test.UserTests - *************User is created*************
15:27:12.552 [main] INFO  api.test.UserTests - *************Reading user info*************
15:27:13.297 [main] INFO  api.test.UserTests - *************Updating User*************
15:27:14.020 [main] INFO  api.test.UserTests - *************User updated*************
15:27:14.756 [main] INFO  api.test.UserTests - *************Deleting User*************
15:27:15.469 [main] INFO  api.test.UserTests - *************User deleted*************
15:54:56.912 [main] INFO  api.test.UserTests - *************Creting user*************
15:54:58.832 [main] INFO  api.test.UserTests - *************User is created*************
15:54:58.836 [main] INFO  api.test.UserTests - *************Reading user info*************
15:54:59.895 [main] INFO  api.test.UserTests - *************Updating User*************
15:55:00.773 [main] INFO  api.test.UserTests - *************User updated*************
15:55:01.527 [main] INFO  api.test.UserTests - *************Deleting User*************
15:55:02.271 [main] INFO  api.test.UserTests - *************User deleted*************
10:41:22.099 [main] INFO  api.test.UserTests - *************Creting user*************
10:41:24.133 [main] INFO  api.test.UserTests - *************User is created*************
10:41:24.138 [main] INFO  api.test.UserTests - *************Reading user info*************
10:41:24.882 [main] INFO  api.test.UserTests - *************User info is displayed*************
10:41:24.888 [main] INFO  api.test.UserTests - *************Updating User*************
10:41:25.639 [main] INFO  api.test.UserTests - *************User updated*************
10:41:26.416 [main] INFO  api.test.UserTests - *************Deleting User*************
10:41:27.135 [main] INFO  api.test.UserTests - *************User deleted*************
11:49:01.406 [main] INFO  api.test.UserTests - *************Creting user*************
11:49:03.493 [main] INFO  api.test.UserTests - *************User is created*************
11:49:03.499 [main] INFO  api.test.UserTests - *************Reading user info*************
11:49:04.235 [main] INFO  api.test.UserTests - *************User info is displayed*************
11:49:04.241 [main] INFO  api.test.UserTests - *************Updating User*************
11:49:04.983 [main] INFO  api.test.UserTests - *************User updated*************
11:49:05.737 [main] INFO  api.test.UserTests - *************Deleting User*************
